Table	Op	Msg_type	Msg_text
shop_ag_mos_ru.b_abtest	optimize	status	Table is already up to date
Table	Op	Msg_type	Msg_text
shop_ag_mos_ru.b_admin_notify	optimize	status	Table is already up to date
Table	Op	Msg_type	Msg_text
shop_ag_mos_ru.b_admin_notify_lang	optimize	status	Table is already up to date
Table	Op	Msg_type	Msg_text
shop_ag_mos_ru.b_adv_banner	optimize	status	Table is already up to date
Table	Op	Msg_type	Msg_text
shop_ag_mos_ru.b_adv_banner_2_country	optimize	status	Table is already up to date
Table	Op	Msg_type	Msg_text
shop_ag_mos_ru.b_adv_banner_2_day	optimize	status	Table is already up to date
Table	Op	Msg_type	Msg_text
shop_ag_mos_ru.b_adv_banner_2_group	optimize	status	Table is already up to date
Table	Op	Msg_type	Msg_text
shop_ag_mos_ru.b_adv_banner_2_page	optimize	status	Table is already up to date
Table	Op	Msg_type	Msg_text
shop_ag_mos_ru.b_adv_banner_2_site	optimize	status	Table is already up to date
Table	Op	Msg_type	Msg_text
shop_ag_mos_ru.b_adv_banner_2_stat_adv	optimize	status	Table is already up to date
Table	Op	Msg_type	Msg_text
shop_ag_mos_ru.b_adv_banner_2_weekday	optimize	status	Table is already up to date
Table	Op	Msg_type	Msg_text
shop_ag_mos_ru.b_adv_contract	optimize	status	Table is already up to date
Table	Op	Msg_type	Msg_text
shop_ag_mos_ru.b_adv_contract_2_page	optimize	status	Table is already up to date
Table	Op	Msg_type	Msg_text
shop_ag_mos_ru.b_adv_contract_2_site	optimize	status	Table is already up to date
Table	Op	Msg_type	Msg_text
shop_ag_mos_ru.b_adv_contract_2_type	optimize	status	Table is already up to date
Table	Op	Msg_type	Msg_text
shop_ag_mos_ru.b_adv_contract_2_user	optimize	status	Table is already up to date
Table	Op	Msg_type	Msg_text
shop_ag_mos_ru.b_adv_contract_2_weekday	optimize	status	Table is already up to date
Table	Op	Msg_type	Msg_text
shop_ag_mos_ru.b_adv_type	optimize	status	Table is already up to date
Table	Op	Msg_type	Msg_text
shop_ag_mos_ru.b_agent	optimize	status	OK
Table	Op	Msg_type	Msg_text
shop_ag_mos_ru.b_app_password	optimize	status	Table is already up to date
Table	Op	Msg_type	Msg_text
shop_ag_mos_ru.b_b24connector_buttons	optimize	status	Table is already up to date
Table	Op	Msg_type	Msg_text
shop_ag_mos_ru.b_bitrixcloud_option	optimize	status	Table is already up to date
Table	Op	Msg_type	Msg_text
shop_ag_mos_ru.b_blog	optimize	status	Table is already up to date
Table	Op	Msg_type	Msg_text
shop_ag_mos_ru.b_blog_category	optimize	status	Table is already up to date
Table	Op	Msg_type	Msg_text
shop_ag_mos_ru.b_blog_comment	optimize	status	Table is already up to date
Table	Op	Msg_type	Msg_text
shop_ag_mos_ru.b_blog_group	optimize	status	Table is already up to date
Table	Op	Msg_type	Msg_text
shop_ag_mos_ru.b_blog_image	optimize	status	Table is already up to date
Table	Op	Msg_type	Msg_text
shop_ag_mos_ru.b_blog_post	optimize	status	Table is already up to date
Table	Op	Msg_type	Msg_text
shop_ag_mos_ru.b_blog_post_category	optimize	status	Table is already up to date
Table	Op	Msg_type	Msg_text
shop_ag_mos_ru.b_blog_post_param	optimize	status	Table is already up to date
Table	Op	Msg_type	Msg_text
shop_ag_mos_ru.b_blog_site_path	optimize	status	Table is already up to date
Table	Op	Msg_type	Msg_text
shop_ag_mos_ru.b_blog_socnet	optimize	status	Table is already up to date
Table	Op	Msg_type	Msg_text
shop_ag_mos_ru.b_blog_socnet_rights	optimize	status	Table is already up to date
Table	Op	Msg_type	Msg_text
shop_ag_mos_ru.b_blog_trackback	optimize	status	Table is already up to date
Table	Op	Msg_type	Msg_text
shop_ag_mos_ru.b_blog_user	optimize	status	Table is already up to date
Table	Op	Msg_type	Msg_text
shop_ag_mos_ru.b_blog_user2blog	optimize	status	Table is already up to date
Table	Op	Msg_type	Msg_text
shop_ag_mos_ru.b_blog_user2user_group	optimize	status	Table is already up to date
Table	Op	Msg_type	Msg_text
shop_ag_mos_ru.b_blog_user_group	optimize	status	Table is already up to date
Table	Op	Msg_type	Msg_text
shop_ag_mos_ru.b_blog_user_group_perms	optimize	status	Table is already up to date
Table	Op	Msg_type	Msg_text
shop_ag_mos_ru.b_bp_history	optimize	status	Table is already up to date
Table	Op	Msg_type	Msg_text
shop_ag_mos_ru.b_bp_rest_activity	optimize	status	Table is already up to date
Table	Op	Msg_type	Msg_text
shop_ag_mos_ru.b_bp_rest_provider	optimize	status	Table is already up to date
Table	Op	Msg_type	Msg_text
shop_ag_mos_ru.b_bp_scheduler_event	optimize	status	Table is already up to date
Table	Op	Msg_type	Msg_text
shop_ag_mos_ru.b_bp_task	optimize	status	Table is already up to date
Table	Op	Msg_type	Msg_text
shop_ag_mos_ru.b_bp_task_user	optimize	status	Table is already up to date
Table	Op	Msg_type	Msg_text
shop_ag_mos_ru.b_bp_tracking	optimize	status	Table is already up to date
Table	Op	Msg_type	Msg_text
shop_ag_mos_ru.b_bp_workflow_instance	optimize	status	Table is already up to date
Table	Op	Msg_type	Msg_text
shop_ag_mos_ru.b_bp_workflow_permissions	optimize	status	Table is already up to date
Table	Op	Msg_type	Msg_text
shop_ag_mos_ru.b_bp_workflow_state	optimize	status	Table is already up to date
Table	Op	Msg_type	Msg_text
shop_ag_mos_ru.b_bp_workflow_state_identify	optimize	status	Table is already up to date
Table	Op	Msg_type	Msg_text
shop_ag_mos_ru.b_bp_workflow_template	optimize	status	Table is already up to date
Table	Op	Msg_type	Msg_text
shop_ag_mos_ru.b_cache_tag	optimize	status	Table is already up to date
Table	Op	Msg_type	Msg_text
shop_ag_mos_ru.b_calendar_access	optimize	status	Table is already up to date
Table	Op	Msg_type	Msg_text
shop_ag_mos_ru.b_calendar_attendees	optimize	status	Table is already up to date
Table	Op	Msg_type	Msg_text
shop_ag_mos_ru.b_calendar_event	optimize	status	Table is already up to date
Table	Op	Msg_type	Msg_text
shop_ag_mos_ru.b_calendar_event_sect	optimize	status	Table is already up to date
Table	Op	Msg_type	Msg_text
shop_ag_mos_ru.b_calendar_section	optimize	status	Table is already up to date
Table	Op	Msg_type	Msg_text
shop_ag_mos_ru.b_calendar_type	optimize	status	Table is already up to date
Table	Op	Msg_type	Msg_text
shop_ag_mos_ru.b_captcha	optimize	status	Table is already up to date
Table	Op	Msg_type	Msg_text
shop_ag_mos_ru.b_catalog_contractor	optimize	status	Table is already up to date
Table	Op	Msg_type	Msg_text
shop_ag_mos_ru.b_catalog_currency	optimize	status	Table is already up to date
Table	Op	Msg_type	Msg_text
shop_ag_mos_ru.b_catalog_currency_lang	optimize	status	Table is already up to date
Table	Op	Msg_type	Msg_text
shop_ag_mos_ru.b_catalog_currency_rate	optimize	status	Table is already up to date
Table	Op	Msg_type	Msg_text
shop_ag_mos_ru.b_catalog_disc_save_group	optimize	status	Table is already up to date
Table	Op	Msg_type	Msg_text
shop_ag_mos_ru.b_catalog_disc_save_range	optimize	status	Table is already up to date
Table	Op	Msg_type	Msg_text
shop_ag_mos_ru.b_catalog_disc_save_user	optimize	status	Table is already up to date
Table	Op	Msg_type	Msg_text
shop_ag_mos_ru.b_catalog_discount	optimize	status	Table is already up to date
Table	Op	Msg_type	Msg_text
shop_ag_mos_ru.b_catalog_discount2cat	optimize	status	Table is already up to date
Table	Op	Msg_type	Msg_text
shop_ag_mos_ru.b_catalog_discount2group	optimize	status	Table is already up to date
Table	Op	Msg_type	Msg_text
shop_ag_mos_ru.b_catalog_discount2iblock	optimize	status	Table is already up to date
Table	Op	Msg_type	Msg_text
shop_ag_mos_ru.b_catalog_discount2product	optimize	status	Table is already up to date
Table	Op	Msg_type	Msg_text
shop_ag_mos_ru.b_catalog_discount2section	optimize	status	Table is already up to date
Table	Op	Msg_type	Msg_text
shop_ag_mos_ru.b_catalog_discount_cond	optimize	status	Table is already up to date
Table	Op	Msg_type	Msg_text
shop_ag_mos_ru.b_catalog_discount_coupon	optimize	status	Table is already up to date
Table	Op	Msg_type	Msg_text
shop_ag_mos_ru.b_catalog_discount_module	optimize	status	Table is already up to date
Table	Op	Msg_type	Msg_text
shop_ag_mos_ru.b_catalog_docs_barcode	optimize	status	Table is already up to date
Table	Op	Msg_type	Msg_text
shop_ag_mos_ru.b_catalog_docs_element	optimize	status	Table is already up to date
Table	Op	Msg_type	Msg_text
shop_ag_mos_ru.b_catalog_export	optimize	status	Table is already up to date
Table	Op	Msg_type	Msg_text
shop_ag_mos_ru.b_catalog_extra	optimize	status	Table is already up to date
Table	Op	Msg_type	Msg_text
shop_ag_mos_ru.b_catalog_group	optimize	status	Table is already up to date
Table	Op	Msg_type	Msg_text
shop_ag_mos_ru.b_catalog_group2group	optimize	status	Table is already up to date
Table	Op	Msg_type	Msg_text
shop_ag_mos_ru.b_catalog_group_lang	optimize	status	Table is already up to date
Table	Op	Msg_type	Msg_text
shop_ag_mos_ru.b_catalog_iblock	optimize	status	Table is already up to date
Table	Op	Msg_type	Msg_text
shop_ag_mos_ru.b_catalog_load	optimize	status	Table is already up to date
Table	Op	Msg_type	Msg_text
shop_ag_mos_ru.b_catalog_measure	optimize	status	Table is already up to date
Table	Op	Msg_type	Msg_text
shop_ag_mos_ru.b_catalog_measure_ratio	optimize	status	Table is already up to date
Table	Op	Msg_type	Msg_text
shop_ag_mos_ru.b_catalog_price	optimize	status	Table is already up to date
Table	Op	Msg_type	Msg_text
shop_ag_mos_ru.b_catalog_product	optimize	status	Table is already up to date
Table	Op	Msg_type	Msg_text
shop_ag_mos_ru.b_catalog_product2group	optimize	status	Table is already up to date
Table	Op	Msg_type	Msg_text
shop_ag_mos_ru.b_catalog_product_sets	optimize	status	Table is already up to date
Table	Op	Msg_type	Msg_text
shop_ag_mos_ru.b_catalog_rounding	optimize	status	Table is already up to date
Table	Op	Msg_type	Msg_text
shop_ag_mos_ru.b_catalog_store	optimize	status	Table is already up to date
Table	Op	Msg_type	Msg_text
shop_ag_mos_ru.b_catalog_store_barcode	optimize	status	Table is already up to date
Table	Op	Msg_type	Msg_text
shop_ag_mos_ru.b_catalog_store_docs	optimize	status	Table is already up to date
Table	Op	Msg_type	Msg_text
shop_ag_mos_ru.b_catalog_store_product	optimize	status	OK
Table	Op	Msg_type	Msg_text
shop_ag_mos_ru.b_catalog_subscribe	optimize	status	Table is already up to date
Table	Op	Msg_type	Msg_text
shop_ag_mos_ru.b_catalog_subscribe_access	optimize	status	Table is already up to date
Table	Op	Msg_type	Msg_text
shop_ag_mos_ru.b_catalog_vat	optimize	status	Table is already up to date
Table	Op	Msg_type	Msg_text
shop_ag_mos_ru.b_catalog_viewed_product	optimize	status	Table is already up to date
Table	Op	Msg_type	Msg_text
shop_ag_mos_ru.b_checklist	optimize	status	Table is already up to date
Table	Op	Msg_type	Msg_text
shop_ag_mos_ru.b_clouds_file_bucket	optimize	status	Table is already up to date
Table	Op	Msg_type	Msg_text
shop_ag_mos_ru.b_clouds_file_resize	optimize	status	Table is already up to date
Table	Op	Msg_type	Msg_text
shop_ag_mos_ru.b_clouds_file_upload	optimize	status	Table is already up to date
Table	Op	Msg_type	Msg_text
shop_ag_mos_ru.b_cluster_dbnode	optimize	status	Table is already up to date
Table	Op	Msg_type	Msg_text
shop_ag_mos_ru.b_cluster_group	optimize	status	Table is already up to date
Table	Op	Msg_type	Msg_text
shop_ag_mos_ru.b_cluster_queue	optimize	status	Table is already up to date
Table	Op	Msg_type	Msg_text
shop_ag_mos_ru.b_cluster_table	optimize	status	Table is already up to date
Table	Op	Msg_type	Msg_text
shop_ag_mos_ru.b_cluster_webnode	optimize	status	Table is already up to date
Table	Op	Msg_type	Msg_text
shop_ag_mos_ru.b_component_params	optimize	status	Table is already up to date
Table	Op	Msg_type	Msg_text
shop_ag_mos_ru.b_consent_agreement	optimize	status	Table is already up to date
Table	Op	Msg_type	Msg_text
shop_ag_mos_ru.b_consent_field	optimize	status	Table is already up to date
Table	Op	Msg_type	Msg_text
shop_ag_mos_ru.b_consent_user_consent	optimize	status	Table is already up to date
Table	Op	Msg_type	Msg_text
shop_ag_mos_ru.b_conv_context	optimize	status	Table is already up to date
Table	Op	Msg_type	Msg_text
shop_ag_mos_ru.b_conv_context_attribute	optimize	status	Table is already up to date
Table	Op	Msg_type	Msg_text
shop_ag_mos_ru.b_conv_context_counter_day	optimize	status	OK
Table	Op	Msg_type	Msg_text
shop_ag_mos_ru.b_conv_context_entity_item	optimize	status	OK
Table	Op	Msg_type	Msg_text
shop_ag_mos_ru.b_counter_data	optimize	status	OK
Table	Op	Msg_type	Msg_text
shop_ag_mos_ru.b_culture	optimize	status	Table is already up to date
Table	Op	Msg_type	Msg_text
shop_ag_mos_ru.b_event	optimize	status	Table is already up to date
Table	Op	Msg_type	Msg_text
shop_ag_mos_ru.b_event_attachment	optimize	status	Table is already up to date
Table	Op	Msg_type	Msg_text
shop_ag_mos_ru.b_event_log	optimize	status	Table is already up to date
Table	Op	Msg_type	Msg_text
shop_ag_mos_ru.b_event_message	optimize	status	Table is already up to date
Table	Op	Msg_type	Msg_text
shop_ag_mos_ru.b_event_message_attachment	optimize	status	Table is already up to date
Table	Op	Msg_type	Msg_text
shop_ag_mos_ru.b_event_message_site	optimize	status	Table is already up to date
Table	Op	Msg_type	Msg_text
shop_ag_mos_ru.b_event_type	optimize	status	Table is already up to date
Table	Op	Msg_type	Msg_text
shop_ag_mos_ru.b_favorite	optimize	status	Table is already up to date
Table	Op	Msg_type	Msg_text
shop_ag_mos_ru.b_file	optimize	status	Table is already up to date
Table	Op	Msg_type	Msg_text
shop_ag_mos_ru.b_file_search	optimize	status	Table is already up to date
Table	Op	Msg_type	Msg_text
shop_ag_mos_ru.b_filters	optimize	status	Table is already up to date
Table	Op	Msg_type	Msg_text
shop_ag_mos_ru.b_finder_dest	optimize	status	Table is already up to date
Table	Op	Msg_type	Msg_text
shop_ag_mos_ru.b_form	optimize	status	Table is already up to date
Table	Op	Msg_type	Msg_text
shop_ag_mos_ru.b_form_2_group	optimize	status	Table is already up to date
Table	Op	Msg_type	Msg_text
shop_ag_mos_ru.b_form_2_mail_template	optimize	status	Table is already up to date
Table	Op	Msg_type	Msg_text
shop_ag_mos_ru.b_form_2_site	optimize	status	Table is already up to date
Table	Op	Msg_type	Msg_text
shop_ag_mos_ru.b_form_answer	optimize	status	Table is already up to date
Table	Op	Msg_type	Msg_text
shop_ag_mos_ru.b_form_crm	optimize	status	Table is already up to date
Table	Op	Msg_type	Msg_text
shop_ag_mos_ru.b_form_crm_field	optimize	status	Table is already up to date
Table	Op	Msg_type	Msg_text
shop_ag_mos_ru.b_form_crm_link	optimize	status	Table is already up to date
Table	Op	Msg_type	Msg_text
shop_ag_mos_ru.b_form_field	optimize	status	Table is already up to date
Table	Op	Msg_type	Msg_text
shop_ag_mos_ru.b_form_field_filter	optimize	status	Table is already up to date
Table	Op	Msg_type	Msg_text
shop_ag_mos_ru.b_form_field_validator	optimize	status	Table is already up to date
Table	Op	Msg_type	Msg_text
shop_ag_mos_ru.b_form_menu	optimize	status	Table is already up to date
Table	Op	Msg_type	Msg_text
shop_ag_mos_ru.b_form_result	optimize	status	Table is already up to date
Table	Op	Msg_type	Msg_text
shop_ag_mos_ru.b_form_result_answer	optimize	status	Table is already up to date
Table	Op	Msg_type	Msg_text
shop_ag_mos_ru.b_form_status	optimize	status	Table is already up to date
Table	Op	Msg_type	Msg_text
shop_ag_mos_ru.b_form_status_2_group	optimize	status	Table is already up to date
Table	Op	Msg_type	Msg_text
shop_ag_mos_ru.b_form_status_2_mail_template	optimize	status	Table is already up to date
Table	Op	Msg_type	Msg_text
shop_ag_mos_ru.b_forum	optimize	status	Table is already up to date
Table	Op	Msg_type	Msg_text
shop_ag_mos_ru.b_forum2site	optimize	status	Table is already up to date
Table	Op	Msg_type	Msg_text
shop_ag_mos_ru.b_forum_dictionary	optimize	status	Table is already up to date
Table	Op	Msg_type	Msg_text
shop_ag_mos_ru.b_forum_email	optimize	status	Table is already up to date
Table	Op	Msg_type	Msg_text
shop_ag_mos_ru.b_forum_file	optimize	status	Table is already up to date
Table	Op	Msg_type	Msg_text
shop_ag_mos_ru.b_forum_filter	optimize	status	Table is already up to date
Table	Op	Msg_type	Msg_text
shop_ag_mos_ru.b_forum_group	optimize	status	Table is already up to date
Table	Op	Msg_type	Msg_text
shop_ag_mos_ru.b_forum_group_lang	optimize	status	Table is already up to date
Table	Op	Msg_type	Msg_text
shop_ag_mos_ru.b_forum_letter	optimize	status	Table is already up to date
Table	Op	Msg_type	Msg_text
shop_ag_mos_ru.b_forum_message	optimize	status	Table is already up to date
Table	Op	Msg_type	Msg_text
shop_ag_mos_ru.b_forum_perms	optimize	status	Table is already up to date
Table	Op	Msg_type	Msg_text
shop_ag_mos_ru.b_forum_pm_folder	optimize	status	Table is already up to date
Table	Op	Msg_type	Msg_text
shop_ag_mos_ru.b_forum_points	optimize	status	Table is already up to date
Table	Op	Msg_type	Msg_text
shop_ag_mos_ru.b_forum_points2post	optimize	status	Table is already up to date
Table	Op	Msg_type	Msg_text
shop_ag_mos_ru.b_forum_points_lang	optimize	status	Table is already up to date
Table	Op	Msg_type	Msg_text
shop_ag_mos_ru.b_forum_private_message	optimize	status	Table is already up to date
Table	Op	Msg_type	Msg_text
shop_ag_mos_ru.b_forum_rank	optimize	status	Table is already up to date
Table	Op	Msg_type	Msg_text
shop_ag_mos_ru.b_forum_rank_lang	optimize	status	Table is already up to date
Table	Op	Msg_type	Msg_text
shop_ag_mos_ru.b_forum_stat	optimize	status	Table is already up to date
Table	Op	Msg_type	Msg_text
shop_ag_mos_ru.b_forum_subscribe	optimize	status	Table is already up to date
Table	Op	Msg_type	Msg_text
shop_ag_mos_ru.b_forum_topic	optimize	status	Table is already up to date
Table	Op	Msg_type	Msg_text
shop_ag_mos_ru.b_forum_user	optimize	status	Table is already up to date
Table	Op	Msg_type	Msg_text
shop_ag_mos_ru.b_forum_user_forum	optimize	status	Table is already up to date
Table	Op	Msg_type	Msg_text
shop_ag_mos_ru.b_forum_user_points	optimize	status	Table is already up to date
Table	Op	Msg_type	Msg_text
shop_ag_mos_ru.b_forum_user_topic	optimize	status	Table is already up to date
Table	Op	Msg_type	Msg_text
shop_ag_mos_ru.b_geoip_handlers	optimize	status	Table is already up to date
Table	Op	Msg_type	Msg_text
shop_ag_mos_ru.b_group	optimize	status	Table is already up to date
Table	Op	Msg_type	Msg_text
shop_ag_mos_ru.b_group_collection_task	optimize	status	Table is already up to date
Table	Op	Msg_type	Msg_text
shop_ag_mos_ru.b_group_subordinate	optimize	status	Table is already up to date
Table	Op	Msg_type	Msg_text
shop_ag_mos_ru.b_group_task	optimize	status	Table is already up to date
Table	Op	Msg_type	Msg_text
shop_ag_mos_ru.b_hlblock_entity	optimize	status	Table is already up to date
Table	Op	Msg_type	Msg_text
shop_ag_mos_ru.b_hlblock_entity_lang	optimize	status	Table is already up to date
Table	Op	Msg_type	Msg_text
shop_ag_mos_ru.b_hlblock_entity_rights	optimize	status	Table is already up to date
Table	Op	Msg_type	Msg_text
shop_ag_mos_ru.b_hot_keys	optimize	status	OK
Table	Op	Msg_type	Msg_text
shop_ag_mos_ru.b_hot_keys_code	optimize	status	Table is already up to date
Table	Op	Msg_type	Msg_text
shop_ag_mos_ru.b_iblock	optimize	status	Table is already up to date
Table	Op	Msg_type	Msg_text
shop_ag_mos_ru.b_iblock_2_index	optimize	status	Table is already up to date
Table	Op	Msg_type	Msg_text
shop_ag_mos_ru.b_iblock_2_index_val	optimize	status	Table is already up to date
Table	Op	Msg_type	Msg_text
shop_ag_mos_ru.b_iblock_3_index	optimize	status	Table is already up to date
Table	Op	Msg_type	Msg_text
shop_ag_mos_ru.b_iblock_3_index_val	optimize	status	Table is already up to date
Table	Op	Msg_type	Msg_text
shop_ag_mos_ru.b_iblock_cache	optimize	status	Table is already up to date
Table	Op	Msg_type	Msg_text
shop_ag_mos_ru.b_iblock_element	optimize	status	Table is already up to date
Table	Op	Msg_type	Msg_text
shop_ag_mos_ru.b_iblock_element_iprop	optimize	status	Table is already up to date
Table	Op	Msg_type	Msg_text
shop_ag_mos_ru.b_iblock_element_lock	optimize	status	Table is already up to date
Table	Op	Msg_type	Msg_text
shop_ag_mos_ru.b_iblock_element_property	optimize	status	Table is already up to date
Table	Op	Msg_type	Msg_text
shop_ag_mos_ru.b_iblock_element_right	optimize	status	Table is already up to date
Table	Op	Msg_type	Msg_text
shop_ag_mos_ru.b_iblock_fields	optimize	status	Table is already up to date
Table	Op	Msg_type	Msg_text
shop_ag_mos_ru.b_iblock_group	optimize	status	Table is already up to date
Table	Op	Msg_type	Msg_text
shop_ag_mos_ru.b_iblock_iblock_iprop	optimize	status	Table is already up to date
Table	Op	Msg_type	Msg_text
shop_ag_mos_ru.b_iblock_iproperty	optimize	status	Table is already up to date
Table	Op	Msg_type	Msg_text
shop_ag_mos_ru.b_iblock_messages	optimize	status	Table is already up to date
Table	Op	Msg_type	Msg_text
shop_ag_mos_ru.b_iblock_offers_tmp	optimize	status	Table is already up to date
Table	Op	Msg_type	Msg_text
shop_ag_mos_ru.b_iblock_property	optimize	status	Table is already up to date
Table	Op	Msg_type	Msg_text
shop_ag_mos_ru.b_iblock_property_enum	optimize	status	Table is already up to date
Table	Op	Msg_type	Msg_text
shop_ag_mos_ru.b_iblock_right	optimize	status	Table is already up to date
Table	Op	Msg_type	Msg_text
shop_ag_mos_ru.b_iblock_rss	optimize	status	Table is already up to date
Table	Op	Msg_type	Msg_text
shop_ag_mos_ru.b_iblock_section	optimize	status	Table is already up to date
Table	Op	Msg_type	Msg_text
shop_ag_mos_ru.b_iblock_section_element	optimize	status	Table is already up to date
Table	Op	Msg_type	Msg_text
shop_ag_mos_ru.b_iblock_section_iprop	optimize	status	Table is already up to date
Table	Op	Msg_type	Msg_text
shop_ag_mos_ru.b_iblock_section_property	optimize	status	Table is already up to date
Table	Op	Msg_type	Msg_text
shop_ag_mos_ru.b_iblock_section_right	optimize	status	Table is already up to date
Table	Op	Msg_type	Msg_text
shop_ag_mos_ru.b_iblock_sequence	optimize	status	Table is already up to date
Table	Op	Msg_type	Msg_text
shop_ag_mos_ru.b_iblock_site	optimize	status	Table is already up to date
Table	Op	Msg_type	Msg_text
shop_ag_mos_ru.b_iblock_type	optimize	status	Table is already up to date
Table	Op	Msg_type	Msg_text
shop_ag_mos_ru.b_iblock_type_lang	optimize	status	Table is already up to date
Table	Op	Msg_type	Msg_text
shop_ag_mos_ru.b_idea_email_subscribe	optimize	status	Table is already up to date
Table	Op	Msg_type	Msg_text
shop_ag_mos_ru.b_im_alias	optimize	status	Table is already up to date
Table	Op	Msg_type	Msg_text
shop_ag_mos_ru.b_im_app	optimize	status	Table is already up to date
Table	Op	Msg_type	Msg_text
shop_ag_mos_ru.b_im_app_lang	optimize	status	Table is already up to date
Table	Op	Msg_type	Msg_text
shop_ag_mos_ru.b_im_bot	optimize	status	Table is already up to date
Table	Op	Msg_type	Msg_text
shop_ag_mos_ru.b_im_bot_chat	optimize	status	Table is already up to date
Table	Op	Msg_type	Msg_text
shop_ag_mos_ru.b_im_bot_token	optimize	status	Table is already up to date
Table	Op	Msg_type	Msg_text
shop_ag_mos_ru.b_im_chat	optimize	status	Table is already up to date
Table	Op	Msg_type	Msg_text
shop_ag_mos_ru.b_im_command	optimize	status	Table is already up to date
Table	Op	Msg_type	Msg_text
shop_ag_mos_ru.b_im_command_lang	optimize	status	Table is already up to date
Table	Op	Msg_type	Msg_text
shop_ag_mos_ru.b_im_external_avatar	optimize	status	Table is already up to date
Table	Op	Msg_type	Msg_text
shop_ag_mos_ru.b_im_message	optimize	status	Table is already up to date
Table	Op	Msg_type	Msg_text
shop_ag_mos_ru.b_im_message_favorite	optimize	status	Table is already up to date
Table	Op	Msg_type	Msg_text
shop_ag_mos_ru.b_im_message_param	optimize	status	Table is already up to date
Table	Op	Msg_type	Msg_text
shop_ag_mos_ru.b_im_recent	optimize	status	Table is already up to date
Table	Op	Msg_type	Msg_text
shop_ag_mos_ru.b_im_relation	optimize	status	Table is already up to date
Table	Op	Msg_type	Msg_text
shop_ag_mos_ru.b_im_status	optimize	status	Table is already up to date
Table	Op	Msg_type	Msg_text
shop_ag_mos_ru.b_lang	optimize	status	Table is already up to date
Table	Op	Msg_type	Msg_text
shop_ag_mos_ru.b_lang_domain	optimize	status	Table is already up to date
Table	Op	Msg_type	Msg_text
shop_ag_mos_ru.b_language	optimize	status	Table is already up to date
Table	Op	Msg_type	Msg_text
shop_ag_mos_ru.b_learn_answer	optimize	status	Table is already up to date
Table	Op	Msg_type	Msg_text
shop_ag_mos_ru.b_learn_attempt	optimize	status	Table is already up to date
Table	Op	Msg_type	Msg_text
shop_ag_mos_ru.b_learn_certification	optimize	status	Table is already up to date
Table	Op	Msg_type	Msg_text
shop_ag_mos_ru.b_learn_chapter	optimize	status	Table is already up to date
Table	Op	Msg_type	Msg_text
shop_ag_mos_ru.b_learn_course	optimize	status	Table is already up to date
Table	Op	Msg_type	Msg_text
shop_ag_mos_ru.b_learn_course_site	optimize	status	Table is already up to date
Table	Op	Msg_type	Msg_text
shop_ag_mos_ru.b_learn_exceptions_log	optimize	status	Table is already up to date
Table	Op	Msg_type	Msg_text
shop_ag_mos_ru.b_learn_gradebook	optimize	status	Table is already up to date
Table	Op	Msg_type	Msg_text
shop_ag_mos_ru.b_learn_groups	optimize	status	Table is already up to date
Table	Op	Msg_type	Msg_text
shop_ag_mos_ru.b_learn_groups_lesson	optimize	status	Table is already up to date
Table	Op	Msg_type	Msg_text
shop_ag_mos_ru.b_learn_groups_member	optimize	status	Table is already up to date
Table	Op	Msg_type	Msg_text
shop_ag_mos_ru.b_learn_lesson	optimize	status	Table is already up to date
Table	Op	Msg_type	Msg_text
shop_ag_mos_ru.b_learn_lesson_edges	optimize	status	Table is already up to date
Table	Op	Msg_type	Msg_text
shop_ag_mos_ru.b_learn_publish_prohibition	optimize	status	Table is already up to date
Table	Op	Msg_type	Msg_text
shop_ag_mos_ru.b_learn_question	optimize	status	Table is already up to date
Table	Op	Msg_type	Msg_text
shop_ag_mos_ru.b_learn_rights	optimize	status	Table is already up to date
Table	Op	Msg_type	Msg_text
shop_ag_mos_ru.b_learn_rights_all	optimize	status	Table is already up to date
Table	Op	Msg_type	Msg_text
shop_ag_mos_ru.b_learn_site_path	optimize	status	Table is already up to date
Table	Op	Msg_type	Msg_text
shop_ag_mos_ru.b_learn_student	optimize	status	Table is already up to date
Table	Op	Msg_type	Msg_text
shop_ag_mos_ru.b_learn_test	optimize	status	Table is already up to date
Table	Op	Msg_type	Msg_text
shop_ag_mos_ru.b_learn_test_mark	optimize	status	Table is already up to date
Table	Op	Msg_type	Msg_text
shop_ag_mos_ru.b_learn_test_result	optimize	status	Table is already up to date
Table	Op	Msg_type	Msg_text
shop_ag_mos_ru.b_list_rubric	optimize	status	Table is already up to date
Table	Op	Msg_type	Msg_text
shop_ag_mos_ru.b_lists_field	optimize	status	Table is already up to date
Table	Op	Msg_type	Msg_text
shop_ag_mos_ru.b_lists_permission	optimize	status	Table is already up to date
Table	Op	Msg_type	Msg_text
shop_ag_mos_ru.b_lists_socnet_group	optimize	status	Table is already up to date
Table	Op	Msg_type	Msg_text
shop_ag_mos_ru.b_lists_url	optimize	status	Table is already up to date
Table	Op	Msg_type	Msg_text
shop_ag_mos_ru.b_mail_blacklist	optimize	status	Table is already up to date
Table	Op	Msg_type	Msg_text
shop_ag_mos_ru.b_mail_domain_email	optimize	status	Table is already up to date
Table	Op	Msg_type	Msg_text
shop_ag_mos_ru.b_mail_filter	optimize	status	Table is already up to date
Table	Op	Msg_type	Msg_text
shop_ag_mos_ru.b_mail_filter_cond	optimize	status	Table is already up to date
Table	Op	Msg_type	Msg_text
shop_ag_mos_ru.b_mail_log	optimize	status	Table is already up to date
Table	Op	Msg_type	Msg_text
shop_ag_mos_ru.b_mail_mailbox	optimize	status	Table is already up to date
Table	Op	Msg_type	Msg_text
shop_ag_mos_ru.b_mail_mailservices	optimize	status	Table is already up to date
Table	Op	Msg_type	Msg_text
shop_ag_mos_ru.b_mail_message	optimize	status	Table is already up to date
Table	Op	Msg_type	Msg_text
shop_ag_mos_ru.b_mail_message_uid	optimize	status	Table is already up to date
Table	Op	Msg_type	Msg_text
shop_ag_mos_ru.b_mail_msg_attachment	optimize	status	Table is already up to date
Table	Op	Msg_type	Msg_text
shop_ag_mos_ru.b_mail_spam_weight	optimize	status	Table is already up to date
Table	Op	Msg_type	Msg_text
shop_ag_mos_ru.b_mail_user_relations	optimize	status	Table is already up to date
Table	Op	Msg_type	Msg_text
shop_ag_mos_ru.b_medialib_collection	optimize	status	Table is already up to date
Table	Op	Msg_type	Msg_text
shop_ag_mos_ru.b_medialib_collection_item	optimize	status	Table is already up to date
Table	Op	Msg_type	Msg_text
shop_ag_mos_ru.b_medialib_item	optimize	status	Table is already up to date
Table	Op	Msg_type	Msg_text
shop_ag_mos_ru.b_medialib_type	optimize	status	Table is already up to date
Table	Op	Msg_type	Msg_text
shop_ag_mos_ru.b_mobileapp_app	optimize	status	Table is already up to date
Table	Op	Msg_type	Msg_text
shop_ag_mos_ru.b_mobileapp_config	optimize	status	Table is already up to date
Table	Op	Msg_type	Msg_text
shop_ag_mos_ru.b_module	optimize	status	Table is already up to date
Table	Op	Msg_type	Msg_text
shop_ag_mos_ru.b_module_group	optimize	status	Table is already up to date
Table	Op	Msg_type	Msg_text
shop_ag_mos_ru.b_module_to_module	optimize	status	Table is already up to date
Table	Op	Msg_type	Msg_text
shop_ag_mos_ru.b_operation	optimize	status	Table is already up to date
Table	Op	Msg_type	Msg_text
shop_ag_mos_ru.b_option	optimize	status	OK
Table	Op	Msg_type	Msg_text
shop_ag_mos_ru.b_perf_cache	optimize	status	Table is already up to date
Table	Op	Msg_type	Msg_text
shop_ag_mos_ru.b_perf_cluster	optimize	status	Table is already up to date
Table	Op	Msg_type	Msg_text
shop_ag_mos_ru.b_perf_component	optimize	status	Table is already up to date
Table	Op	Msg_type	Msg_text
shop_ag_mos_ru.b_perf_error	optimize	status	Table is already up to date
Table	Op	Msg_type	Msg_text
shop_ag_mos_ru.b_perf_history	optimize	status	Table is already up to date
Table	Op	Msg_type	Msg_text
shop_ag_mos_ru.b_perf_hit	optimize	status	Table is already up to date
Table	Op	Msg_type	Msg_text
shop_ag_mos_ru.b_perf_index_ban	optimize	status	Table is already up to date
Table	Op	Msg_type	Msg_text
shop_ag_mos_ru.b_perf_index_complete	optimize	status	Table is already up to date
Table	Op	Msg_type	Msg_text
shop_ag_mos_ru.b_perf_index_suggest	optimize	status	Table is already up to date
Table	Op	Msg_type	Msg_text
shop_ag_mos_ru.b_perf_index_suggest_sql	optimize	status	Table is already up to date
Table	Op	Msg_type	Msg_text
shop_ag_mos_ru.b_perf_sql	optimize	status	Table is already up to date
Table	Op	Msg_type	Msg_text
shop_ag_mos_ru.b_perf_sql_backtrace	optimize	status	Table is already up to date
Table	Op	Msg_type	Msg_text
shop_ag_mos_ru.b_perf_tab_column_stat	optimize	status	Table is already up to date
Table	Op	Msg_type	Msg_text
shop_ag_mos_ru.b_perf_tab_stat	optimize	status	Table is already up to date
Table	Op	Msg_type	Msg_text
shop_ag_mos_ru.b_perf_test	optimize	status	Table is already up to date
Table	Op	Msg_type	Msg_text
shop_ag_mos_ru.b_posting	optimize	status	Table is already up to date
Table	Op	Msg_type	Msg_text
shop_ag_mos_ru.b_posting_email	optimize	status	Table is already up to date
Table	Op	Msg_type	Msg_text
shop_ag_mos_ru.b_posting_file	optimize	status	Table is already up to date
Table	Op	Msg_type	Msg_text
shop_ag_mos_ru.b_posting_group	optimize	status	Table is already up to date
Table	Op	Msg_type	Msg_text
shop_ag_mos_ru.b_posting_rubric	optimize	status	Table is already up to date
Table	Op	Msg_type	Msg_text
shop_ag_mos_ru.b_pull_channel	optimize	status	OK
Table	Op	Msg_type	Msg_text
shop_ag_mos_ru.b_pull_push	optimize	status	Table is already up to date
Table	Op	Msg_type	Msg_text
shop_ag_mos_ru.b_pull_push_queue	optimize	status	Table is already up to date
Table	Op	Msg_type	Msg_text
shop_ag_mos_ru.b_pull_stack	optimize	status	OK
Table	Op	Msg_type	Msg_text
shop_ag_mos_ru.b_pull_watch	optimize	status	Table is already up to date
Table	Op	Msg_type	Msg_text
shop_ag_mos_ru.b_rating	optimize	status	Table is already up to date
Table	Op	Msg_type	Msg_text
shop_ag_mos_ru.b_rating_component	optimize	status	Table is already up to date
Table	Op	Msg_type	Msg_text
shop_ag_mos_ru.b_rating_component_results	optimize	status	Table is already up to date
Table	Op	Msg_type	Msg_text
shop_ag_mos_ru.b_rating_prepare	optimize	status	Table is already up to date
Table	Op	Msg_type	Msg_text
shop_ag_mos_ru.b_rating_results	optimize	status	Table is already up to date
Table	Op	Msg_type	Msg_text
shop_ag_mos_ru.b_rating_rule	optimize	status	Table is already up to date
Table	Op	Msg_type	Msg_text
shop_ag_mos_ru.b_rating_rule_vetting	optimize	status	Table is already up to date
Table	Op	Msg_type	Msg_text
shop_ag_mos_ru.b_rating_user	optimize	status	OK
Table	Op	Msg_type	Msg_text
shop_ag_mos_ru.b_rating_vote	optimize	status	Table is already up to date
Table	Op	Msg_type	Msg_text
shop_ag_mos_ru.b_rating_vote_group	optimize	status	Table is already up to date
Table	Op	Msg_type	Msg_text
shop_ag_mos_ru.b_rating_voting	optimize	status	Table is already up to date
Table	Op	Msg_type	Msg_text
shop_ag_mos_ru.b_rating_voting_prepare	optimize	status	Table is already up to date
Table	Op	Msg_type	Msg_text
shop_ag_mos_ru.b_rating_weight	optimize	status	Table is already up to date
Table	Op	Msg_type	Msg_text
shop_ag_mos_ru.b_report	optimize	status	Table is already up to date
Table	Op	Msg_type	Msg_text
shop_ag_mos_ru.b_report_sharing	optimize	status	Table is already up to date
Table	Op	Msg_type	Msg_text
shop_ag_mos_ru.b_sale_affiliate	optimize	status	Table is already up to date
Table	Op	Msg_type	Msg_text
shop_ag_mos_ru.b_sale_affiliate_plan	optimize	status	Table is already up to date
Table	Op	Msg_type	Msg_text
shop_ag_mos_ru.b_sale_affiliate_plan_section	optimize	status	Table is already up to date
Table	Op	Msg_type	Msg_text
shop_ag_mos_ru.b_sale_affiliate_tier	optimize	status	Table is already up to date
Table	Op	Msg_type	Msg_text
shop_ag_mos_ru.b_sale_affiliate_transact	optimize	status	Table is already up to date
Table	Op	Msg_type	Msg_text
shop_ag_mos_ru.b_sale_auxiliary	optimize	status	Table is already up to date
Table	Op	Msg_type	Msg_text
shop_ag_mos_ru.b_sale_basket	optimize	status	OK
Table	Op	Msg_type	Msg_text
shop_ag_mos_ru.b_sale_basket_archive	optimize	status	Table is already up to date
Table	Op	Msg_type	Msg_text
shop_ag_mos_ru.b_sale_basket_props	optimize	status	OK
Table	Op	Msg_type	Msg_text
shop_ag_mos_ru.b_sale_bizval	optimize	status	Table is already up to date
Table	Op	Msg_type	Msg_text
shop_ag_mos_ru.b_sale_bizval_code_1c	optimize	status	Table is already up to date
Table	Op	Msg_type	Msg_text
shop_ag_mos_ru.b_sale_bizval_persondomain	optimize	status	Table is already up to date
Table	Op	Msg_type	Msg_text
shop_ag_mos_ru.b_sale_cashbox	optimize	status	Table is already up to date
Table	Op	Msg_type	Msg_text
shop_ag_mos_ru.b_sale_cashbox_check	optimize	status	Table is already up to date
Table	Op	Msg_type	Msg_text
shop_ag_mos_ru.b_sale_cashbox_connect	optimize	status	Table is already up to date
Table	Op	Msg_type	Msg_text
shop_ag_mos_ru.b_sale_cashbox_err_log	optimize	status	Table is already up to date
Table	Op	Msg_type	Msg_text
shop_ag_mos_ru.b_sale_cashbox_z_report	optimize	status	Table is already up to date
Table	Op	Msg_type	Msg_text
shop_ag_mos_ru.b_sale_check2cashbox	optimize	status	Table is already up to date
Table	Op	Msg_type	Msg_text
shop_ag_mos_ru.b_sale_company	optimize	status	Table is already up to date
Table	Op	Msg_type	Msg_text
shop_ag_mos_ru.b_sale_company2location	optimize	status	Table is already up to date
Table	Op	Msg_type	Msg_text
shop_ag_mos_ru.b_sale_company2service	optimize	status	Table is already up to date
Table	Op	Msg_type	Msg_text
shop_ag_mos_ru.b_sale_company_group	optimize	status	Table is already up to date
Table	Op	Msg_type	Msg_text
shop_ag_mos_ru.b_sale_company_resp_grp	optimize	status	Table is already up to date
Table	Op	Msg_type	Msg_text
shop_ag_mos_ru.b_sale_d_ix_element	optimize	status	Table is already up to date
Table	Op	Msg_type	Msg_text
shop_ag_mos_ru.b_sale_d_ix_section	optimize	status	Table is already up to date
Table	Op	Msg_type	Msg_text
shop_ag_mos_ru.b_sale_delivery2location	optimize	status	Table is already up to date
Table	Op	Msg_type	Msg_text
shop_ag_mos_ru.b_sale_delivery2paysystem	optimize	status	Table is already up to date
Table	Op	Msg_type	Msg_text
shop_ag_mos_ru.b_sale_delivery_es	optimize	status	Table is already up to date
Table	Op	Msg_type	Msg_text
shop_ag_mos_ru.b_sale_delivery_srv	optimize	status	Table is already up to date
Table	Op	Msg_type	Msg_text
shop_ag_mos_ru.b_sale_discount	optimize	status	Table is already up to date
Table	Op	Msg_type	Msg_text
shop_ag_mos_ru.b_sale_discount_coupon	optimize	status	Table is already up to date
Table	Op	Msg_type	Msg_text
shop_ag_mos_ru.b_sale_discount_entities	optimize	status	Table is already up to date
Table	Op	Msg_type	Msg_text
shop_ag_mos_ru.b_sale_discount_group	optimize	status	Table is already up to date
Table	Op	Msg_type	Msg_text
shop_ag_mos_ru.b_sale_discount_module	optimize	status	Table is already up to date
Table	Op	Msg_type	Msg_text
shop_ag_mos_ru.b_sale_entity_marker	optimize	status	Table is already up to date
Table	Op	Msg_type	Msg_text
shop_ag_mos_ru.b_sale_export	optimize	status	Table is already up to date
Table	Op	Msg_type	Msg_text
shop_ag_mos_ru.b_sale_fuser	optimize	status	OK
Table	Op	Msg_type	Msg_text
shop_ag_mos_ru.b_sale_gift_related_data	optimize	status	Table is already up to date
Table	Op	Msg_type	Msg_text
shop_ag_mos_ru.b_sale_hdaln	optimize	status	Table is already up to date
Table	Op	Msg_type	Msg_text
shop_ag_mos_ru.b_sale_kkm_model	optimize	status	Table is already up to date
Table	Op	Msg_type	Msg_text
shop_ag_mos_ru.b_sale_lang	optimize	status	Table is already up to date
Table	Op	Msg_type	Msg_text
shop_ag_mos_ru.b_sale_loc_2site	optimize	status	Table is already up to date
Table	Op	Msg_type	Msg_text
shop_ag_mos_ru.b_sale_loc_def2site	optimize	status	Table is already up to date
Table	Op	Msg_type	Msg_text
shop_ag_mos_ru.b_sale_loc_ext	optimize	status	Table is already up to date
Table	Op	Msg_type	Msg_text
shop_ag_mos_ru.b_sale_loc_ext_srv	optimize	status	Table is already up to date
Table	Op	Msg_type	Msg_text
shop_ag_mos_ru.b_sale_loc_name	optimize	status	Table is already up to date
Table	Op	Msg_type	Msg_text
shop_ag_mos_ru.b_sale_loc_type	optimize	status	Table is already up to date
Table	Op	Msg_type	Msg_text
shop_ag_mos_ru.b_sale_loc_type_name	optimize	status	Table is already up to date
Table	Op	Msg_type	Msg_text
shop_ag_mos_ru.b_sale_location	optimize	status	Table is already up to date
Table	Op	Msg_type	Msg_text
shop_ag_mos_ru.b_sale_location2location_group	optimize	status	Table is already up to date
Table	Op	Msg_type	Msg_text
shop_ag_mos_ru.b_sale_location_city	optimize	status	Table is already up to date
Table	Op	Msg_type	Msg_text
shop_ag_mos_ru.b_sale_location_city_lang	optimize	status	Table is already up to date
Table	Op	Msg_type	Msg_text
shop_ag_mos_ru.b_sale_location_country	optimize	status	Table is already up to date
Table	Op	Msg_type	Msg_text
shop_ag_mos_ru.b_sale_location_country_lang	optimize	status	Table is already up to date
Table	Op	Msg_type	Msg_text
shop_ag_mos_ru.b_sale_location_group	optimize	status	Table is already up to date
Table	Op	Msg_type	Msg_text
shop_ag_mos_ru.b_sale_location_group_lang	optimize	status	Table is already up to date
Table	Op	Msg_type	Msg_text
shop_ag_mos_ru.b_sale_location_region	optimize	status	Table is already up to date
Table	Op	Msg_type	Msg_text
shop_ag_mos_ru.b_sale_location_region_lang	optimize	status	Table is already up to date
Table	Op	Msg_type	Msg_text
shop_ag_mos_ru.b_sale_location_zip	optimize	status	Table is already up to date
Table	Op	Msg_type	Msg_text
shop_ag_mos_ru.b_sale_order	optimize	status	OK
Table	Op	Msg_type	Msg_text
shop_ag_mos_ru.b_sale_order_archive	optimize	status	Table is already up to date
Table	Op	Msg_type	Msg_text
shop_ag_mos_ru.b_sale_order_change	optimize	status	OK
Table	Op	Msg_type	Msg_text
shop_ag_mos_ru.b_sale_order_coupons	optimize	status	Table is already up to date
Table	Op	Msg_type	Msg_text
shop_ag_mos_ru.b_sale_order_delivery	optimize	status	OK
Table	Op	Msg_type	Msg_text
shop_ag_mos_ru.b_sale_order_delivery_es	optimize	status	OK
Table	Op	Msg_type	Msg_text
shop_ag_mos_ru.b_sale_order_delivery_req	optimize	status	Table is already up to date
Table	Op	Msg_type	Msg_text
shop_ag_mos_ru.b_sale_order_discount	optimize	status	Table is already up to date
Table	Op	Msg_type	Msg_text
shop_ag_mos_ru.b_sale_order_discount_data	optimize	status	OK
Table	Op	Msg_type	Msg_text
shop_ag_mos_ru.b_sale_order_dlv_basket	optimize	status	OK
Table	Op	Msg_type	Msg_text
shop_ag_mos_ru.b_sale_order_flags2group	optimize	status	Table is already up to date
Table	Op	Msg_type	Msg_text
shop_ag_mos_ru.b_sale_order_history	optimize	status	Table is already up to date
Table	Op	Msg_type	Msg_text
shop_ag_mos_ru.b_sale_order_modules	optimize	status	Table is already up to date
Table	Op	Msg_type	Msg_text
shop_ag_mos_ru.b_sale_order_payment	optimize	status	OK
Table	Op	Msg_type	Msg_text
shop_ag_mos_ru.b_sale_order_payment_es	optimize	status	Table is already up to date
Table	Op	Msg_type	Msg_text
shop_ag_mos_ru.b_sale_order_processing	optimize	status	OK
Table	Op	Msg_type	Msg_text
shop_ag_mos_ru.b_sale_order_props	optimize	status	Table is already up to date
Table	Op	Msg_type	Msg_text
shop_ag_mos_ru.b_sale_order_props_group	optimize	status	Table is already up to date
Table	Op	Msg_type	Msg_text
shop_ag_mos_ru.b_sale_order_props_relation	optimize	status	Table is already up to date
Table	Op	Msg_type	Msg_text
shop_ag_mos_ru.b_sale_order_props_value	optimize	status	OK
Table	Op	Msg_type	Msg_text
shop_ag_mos_ru.b_sale_order_props_variant	optimize	status	Table is already up to date
Table	Op	Msg_type	Msg_text
shop_ag_mos_ru.b_sale_order_round	optimize	status	Table is already up to date
Table	Op	Msg_type	Msg_text
shop_ag_mos_ru.b_sale_order_rules	optimize	status	Table is already up to date
Table	Op	Msg_type	Msg_text
shop_ag_mos_ru.b_sale_order_rules_descr	optimize	status	Table is already up to date
Table	Op	Msg_type	Msg_text
shop_ag_mos_ru.b_sale_order_tax	optimize	status	Table is already up to date
Table	Op	Msg_type	Msg_text
shop_ag_mos_ru.b_sale_pay_system_action	optimize	status	Table is already up to date
Table	Op	Msg_type	Msg_text
shop_ag_mos_ru.b_sale_pay_system_err_log	optimize	status	Table is already up to date
Table	Op	Msg_type	Msg_text
shop_ag_mos_ru.b_sale_pay_system_es	optimize	status	Table is already up to date
Table	Op	Msg_type	Msg_text
shop_ag_mos_ru.b_sale_person_type	optimize	status	Table is already up to date
Table	Op	Msg_type	Msg_text
shop_ag_mos_ru.b_sale_person_type_site	optimize	status	Table is already up to date
Table	Op	Msg_type	Msg_text
shop_ag_mos_ru.b_sale_product2product	optimize	status	OK
Table	Op	Msg_type	Msg_text
shop_ag_mos_ru.b_sale_recurring	optimize	status	Table is already up to date
Table	Op	Msg_type	Msg_text
shop_ag_mos_ru.b_sale_service_rstr	optimize	status	Table is already up to date
Table	Op	Msg_type	Msg_text
shop_ag_mos_ru.b_sale_site2group	optimize	status	Table is already up to date
Table	Op	Msg_type	Msg_text
shop_ag_mos_ru.b_sale_status	optimize	status	Table is already up to date
Table	Op	Msg_type	Msg_text
shop_ag_mos_ru.b_sale_status_group_task	optimize	status	Table is already up to date
Table	Op	Msg_type	Msg_text
shop_ag_mos_ru.b_sale_status_lang	optimize	status	Table is already up to date
Table	Op	Msg_type	Msg_text
shop_ag_mos_ru.b_sale_store_barcode	optimize	status	Table is already up to date
Table	Op	Msg_type	Msg_text
shop_ag_mos_ru.b_sale_tax	optimize	status	Table is already up to date
Table	Op	Msg_type	Msg_text
shop_ag_mos_ru.b_sale_tax2location	optimize	status	Table is already up to date
Table	Op	Msg_type	Msg_text
shop_ag_mos_ru.b_sale_tax_exempt2group	optimize	status	Table is already up to date
Table	Op	Msg_type	Msg_text
shop_ag_mos_ru.b_sale_tax_rate	optimize	status	Table is already up to date
Table	Op	Msg_type	Msg_text
shop_ag_mos_ru.b_sale_tp	optimize	status	Table is already up to date
Table	Op	Msg_type	Msg_text
shop_ag_mos_ru.b_sale_tp_ebay_cat	optimize	status	Table is already up to date
Table	Op	Msg_type	Msg_text
shop_ag_mos_ru.b_sale_tp_ebay_cat_var	optimize	status	Table is already up to date
Table	Op	Msg_type	Msg_text
shop_ag_mos_ru.b_sale_tp_ebay_fq	optimize	status	Table is already up to date
Table	Op	Msg_type	Msg_text
shop_ag_mos_ru.b_sale_tp_ebay_fr	optimize	status	Table is already up to date
Table	Op	Msg_type	Msg_text
shop_ag_mos_ru.b_sale_tp_map	optimize	status	Table is already up to date
Table	Op	Msg_type	Msg_text
shop_ag_mos_ru.b_sale_tp_map_entity	optimize	status	Table is already up to date
Table	Op	Msg_type	Msg_text
shop_ag_mos_ru.b_sale_tp_order	optimize	status	Table is already up to date
Table	Op	Msg_type	Msg_text
shop_ag_mos_ru.b_sale_tp_vk_log	optimize	status	Table is already up to date
Table	Op	Msg_type	Msg_text
shop_ag_mos_ru.b_sale_tp_vk_profile	optimize	status	Table is already up to date
Table	Op	Msg_type	Msg_text
shop_ag_mos_ru.b_sale_user_account	optimize	status	OK
Table	Op	Msg_type	Msg_text
shop_ag_mos_ru.b_sale_user_cards	optimize	status	Table is already up to date
Table	Op	Msg_type	Msg_text
shop_ag_mos_ru.b_sale_user_props	optimize	status	Table is already up to date
Table	Op	Msg_type	Msg_text
shop_ag_mos_ru.b_sale_user_props_value	optimize	status	Table is already up to date
Table	Op	Msg_type	Msg_text
shop_ag_mos_ru.b_sale_viewed_product	optimize	status	Table is already up to date
Table	Op	Msg_type	Msg_text
shop_ag_mos_ru.b_sale_yandex_settings	optimize	status	Table is already up to date
Table	Op	Msg_type	Msg_text
shop_ag_mos_ru.b_search_content	optimize	status	OK
Table	Op	Msg_type	Msg_text
shop_ag_mos_ru.b_search_content_freq	optimize	status	Table is already up to date
Table	Op	Msg_type	Msg_text
shop_ag_mos_ru.b_search_content_param	optimize	status	OK
Table	Op	Msg_type	Msg_text
shop_ag_mos_ru.b_search_content_right	optimize	status	OK
Table	Op	Msg_type	Msg_text
shop_ag_mos_ru.b_search_content_site	optimize	status	OK
Table	Op	Msg_type	Msg_text
shop_ag_mos_ru.b_search_content_stem	optimize	status	OK
Table	Op	Msg_type	Msg_text
shop_ag_mos_ru.b_search_content_text	optimize	status	OK
Table	Op	Msg_type	Msg_text
shop_ag_mos_ru.b_search_content_title	optimize	status	OK
Table	Op	Msg_type	Msg_text
shop_ag_mos_ru.b_search_custom_rank	optimize	status	Table is already up to date
Table	Op	Msg_type	Msg_text
shop_ag_mos_ru.b_search_phrase	optimize	status	Table is already up to date
Table	Op	Msg_type	Msg_text
shop_ag_mos_ru.b_search_stem	optimize	status	OK
Table	Op	Msg_type	Msg_text
shop_ag_mos_ru.b_search_suggest	optimize	status	Table is already up to date
Table	Op	Msg_type	Msg_text
shop_ag_mos_ru.b_search_tags	optimize	status	Table is already up to date
Table	Op	Msg_type	Msg_text
shop_ag_mos_ru.b_search_user_right	optimize	status	Table is already up to date
Table	Op	Msg_type	Msg_text
shop_ag_mos_ru.b_sec_filter_mask	optimize	status	Table is already up to date
Table	Op	Msg_type	Msg_text
shop_ag_mos_ru.b_sec_frame_mask	optimize	status	Table is already up to date
Table	Op	Msg_type	Msg_text
shop_ag_mos_ru.b_sec_iprule	optimize	status	Table is already up to date
Table	Op	Msg_type	Msg_text
shop_ag_mos_ru.b_sec_iprule_excl_ip	optimize	status	Table is already up to date
Table	Op	Msg_type	Msg_text
shop_ag_mos_ru.b_sec_iprule_excl_mask	optimize	status	Table is already up to date
Table	Op	Msg_type	Msg_text
shop_ag_mos_ru.b_sec_iprule_incl_ip	optimize	status	Table is already up to date
Table	Op	Msg_type	Msg_text
shop_ag_mos_ru.b_sec_iprule_incl_mask	optimize	status	Table is already up to date
Table	Op	Msg_type	Msg_text
shop_ag_mos_ru.b_sec_recovery_codes	optimize	status	Table is already up to date
Table	Op	Msg_type	Msg_text
shop_ag_mos_ru.b_sec_redirect_url	optimize	status	Table is already up to date
Table	Op	Msg_type	Msg_text
shop_ag_mos_ru.b_sec_session	optimize	status	OK
Table	Op	Msg_type	Msg_text
shop_ag_mos_ru.b_sec_user	optimize	status	Table is already up to date
Table	Op	Msg_type	Msg_text
shop_ag_mos_ru.b_sec_virus	optimize	status	Table is already up to date
Table	Op	Msg_type	Msg_text
shop_ag_mos_ru.b_sec_white_list	optimize	status	Table is already up to date
Table	Op	Msg_type	Msg_text
shop_ag_mos_ru.b_security_sitecheck	optimize	status	Table is already up to date
Table	Op	Msg_type	Msg_text
shop_ag_mos_ru.b_sender_contact	optimize	status	Table is already up to date
Table	Op	Msg_type	Msg_text
shop_ag_mos_ru.b_sender_contact_list	optimize	status	Table is already up to date
Table	Op	Msg_type	Msg_text
shop_ag_mos_ru.b_sender_group	optimize	status	Table is already up to date
Table	Op	Msg_type	Msg_text
shop_ag_mos_ru.b_sender_group_connector	optimize	status	Table is already up to date
Table	Op	Msg_type	Msg_text
shop_ag_mos_ru.b_sender_list	optimize	status	Table is already up to date
Table	Op	Msg_type	Msg_text
shop_ag_mos_ru.b_sender_mailing	optimize	status	Table is already up to date
Table	Op	Msg_type	Msg_text
shop_ag_mos_ru.b_sender_mailing_attachment	optimize	status	Table is already up to date
Table	Op	Msg_type	Msg_text
shop_ag_mos_ru.b_sender_mailing_chain	optimize	status	Table is already up to date
Table	Op	Msg_type	Msg_text
shop_ag_mos_ru.b_sender_mailing_group	optimize	status	Table is already up to date
Table	Op	Msg_type	Msg_text
shop_ag_mos_ru.b_sender_mailing_subscription	optimize	status	Table is already up to date
Table	Op	Msg_type	Msg_text
shop_ag_mos_ru.b_sender_mailing_trigger	optimize	status	Table is already up to date
Table	Op	Msg_type	Msg_text
shop_ag_mos_ru.b_sender_posting	optimize	status	Table is already up to date
Table	Op	Msg_type	Msg_text
shop_ag_mos_ru.b_sender_posting_click	optimize	status	Table is already up to date
Table	Op	Msg_type	Msg_text
shop_ag_mos_ru.b_sender_posting_read	optimize	status	Table is already up to date
Table	Op	Msg_type	Msg_text
shop_ag_mos_ru.b_sender_posting_recipient	optimize	status	Table is already up to date
Table	Op	Msg_type	Msg_text
shop_ag_mos_ru.b_sender_posting_unsub	optimize	status	Table is already up to date
Table	Op	Msg_type	Msg_text
shop_ag_mos_ru.b_sender_preset_template	optimize	status	Table is already up to date
Table	Op	Msg_type	Msg_text
shop_ag_mos_ru.b_seo_adv_autolog	optimize	status	Table is already up to date
Table	Op	Msg_type	Msg_text
shop_ag_mos_ru.b_seo_adv_banner	optimize	status	Table is already up to date
Table	Op	Msg_type	Msg_text
shop_ag_mos_ru.b_seo_adv_campaign	optimize	status	Table is already up to date
Table	Op	Msg_type	Msg_text
shop_ag_mos_ru.b_seo_adv_group	optimize	status	Table is already up to date
Table	Op	Msg_type	Msg_text
shop_ag_mos_ru.b_seo_adv_link	optimize	status	Table is already up to date
Table	Op	Msg_type	Msg_text
shop_ag_mos_ru.b_seo_adv_log	optimize	status	Table is already up to date
Table	Op	Msg_type	Msg_text
shop_ag_mos_ru.b_seo_adv_order	optimize	status	Table is already up to date
Table	Op	Msg_type	Msg_text
shop_ag_mos_ru.b_seo_adv_region	optimize	status	Table is already up to date
Table	Op	Msg_type	Msg_text
shop_ag_mos_ru.b_seo_keywords	optimize	status	Table is already up to date
Table	Op	Msg_type	Msg_text
shop_ag_mos_ru.b_seo_search_engine	optimize	status	Table is already up to date
Table	Op	Msg_type	Msg_text
shop_ag_mos_ru.b_seo_service_log	optimize	status	Table is already up to date
Table	Op	Msg_type	Msg_text
shop_ag_mos_ru.b_seo_service_rtg_queue	optimize	status	Table is already up to date
Table	Op	Msg_type	Msg_text
shop_ag_mos_ru.b_seo_sitemap	optimize	status	Table is already up to date
Table	Op	Msg_type	Msg_text
shop_ag_mos_ru.b_seo_sitemap_entity	optimize	status	Table is already up to date
Table	Op	Msg_type	Msg_text
shop_ag_mos_ru.b_seo_sitemap_iblock	optimize	status	Table is already up to date
Table	Op	Msg_type	Msg_text
shop_ag_mos_ru.b_seo_sitemap_runtime	optimize	status	Table is already up to date
Table	Op	Msg_type	Msg_text
shop_ag_mos_ru.b_seo_yandex_direct_stat	optimize	status	Table is already up to date
Table	Op	Msg_type	Msg_text
shop_ag_mos_ru.b_short_uri	optimize	status	Table is already up to date
Table	Op	Msg_type	Msg_text
shop_ag_mos_ru.b_site_template	optimize	status	Table is already up to date
Table	Op	Msg_type	Msg_text
shop_ag_mos_ru.b_smile	optimize	status	OK
Table	Op	Msg_type	Msg_text
shop_ag_mos_ru.b_smile_lang	optimize	status	OK
Table	Op	Msg_type	Msg_text
shop_ag_mos_ru.b_smile_set	optimize	status	OK
Table	Op	Msg_type	Msg_text
shop_ag_mos_ru.b_socialservices_ap	optimize	status	Table is already up to date
Table	Op	Msg_type	Msg_text
shop_ag_mos_ru.b_socialservices_contact	optimize	status	Table is already up to date
Table	Op	Msg_type	Msg_text
shop_ag_mos_ru.b_socialservices_contact_connect	optimize	status	Table is already up to date
Table	Op	Msg_type	Msg_text
shop_ag_mos_ru.b_socialservices_message	optimize	status	Table is already up to date
Table	Op	Msg_type	Msg_text
shop_ag_mos_ru.b_socialservices_user	optimize	status	Table is already up to date
Table	Op	Msg_type	Msg_text
shop_ag_mos_ru.b_socialservices_user_link	optimize	status	Table is already up to date
Table	Op	Msg_type	Msg_text
shop_ag_mos_ru.b_sonet_event_user_view	optimize	status	Table is already up to date
Table	Op	Msg_type	Msg_text
shop_ag_mos_ru.b_sonet_features	optimize	status	Table is already up to date
Table	Op	Msg_type	Msg_text
shop_ag_mos_ru.b_sonet_features2perms	optimize	status	Table is already up to date
Table	Op	Msg_type	Msg_text
shop_ag_mos_ru.b_sonet_group	optimize	status	Table is already up to date
Table	Op	Msg_type	Msg_text
shop_ag_mos_ru.b_sonet_group_favorites	optimize	status	Table is already up to date
Table	Op	Msg_type	Msg_text
shop_ag_mos_ru.b_sonet_group_site	optimize	status	Table is already up to date
Table	Op	Msg_type	Msg_text
shop_ag_mos_ru.b_sonet_group_subject	optimize	status	Table is already up to date
Table	Op	Msg_type	Msg_text
shop_ag_mos_ru.b_sonet_group_subject_site	optimize	status	Table is already up to date
Table	Op	Msg_type	Msg_text
shop_ag_mos_ru.b_sonet_group_view	optimize	status	Table is already up to date
Table	Op	Msg_type	Msg_text
shop_ag_mos_ru.b_sonet_log	optimize	status	Table is already up to date
Table	Op	Msg_type	Msg_text
shop_ag_mos_ru.b_sonet_log_comment	optimize	status	Table is already up to date
Table	Op	Msg_type	Msg_text
shop_ag_mos_ru.b_sonet_log_counter	optimize	status	Table is already up to date
Table	Op	Msg_type	Msg_text
shop_ag_mos_ru.b_sonet_log_events	optimize	status	Table is already up to date
Table	Op	Msg_type	Msg_text
shop_ag_mos_ru.b_sonet_log_favorites	optimize	status	Table is already up to date
Table	Op	Msg_type	Msg_text
shop_ag_mos_ru.b_sonet_log_follow	optimize	status	Table is already up to date
Table	Op	Msg_type	Msg_text
shop_ag_mos_ru.b_sonet_log_index	optimize	status	Table is already up to date
Table	Op	Msg_type	Msg_text
shop_ag_mos_ru.b_sonet_log_page	optimize	status	Table is already up to date
Table	Op	Msg_type	Msg_text
shop_ag_mos_ru.b_sonet_log_right	optimize	status	Table is already up to date
Table	Op	Msg_type	Msg_text
shop_ag_mos_ru.b_sonet_log_site	optimize	status	Table is already up to date
Table	Op	Msg_type	Msg_text
shop_ag_mos_ru.b_sonet_log_smartfilter	optimize	status	Table is already up to date
Table	Op	Msg_type	Msg_text
shop_ag_mos_ru.b_sonet_log_view	optimize	status	Table is already up to date
Table	Op	Msg_type	Msg_text
shop_ag_mos_ru.b_sonet_messages	optimize	status	Table is already up to date
Table	Op	Msg_type	Msg_text
shop_ag_mos_ru.b_sonet_smile	optimize	status	Table is already up to date
Table	Op	Msg_type	Msg_text
shop_ag_mos_ru.b_sonet_smile_lang	optimize	status	Table is already up to date
Table	Op	Msg_type	Msg_text
shop_ag_mos_ru.b_sonet_subscription	optimize	status	Table is already up to date
Table	Op	Msg_type	Msg_text
shop_ag_mos_ru.b_sonet_user2group	optimize	status	Table is already up to date
Table	Op	Msg_type	Msg_text
shop_ag_mos_ru.b_sonet_user_events	optimize	status	Table is already up to date
Table	Op	Msg_type	Msg_text
shop_ag_mos_ru.b_sonet_user_perms	optimize	status	Table is already up to date
Table	Op	Msg_type	Msg_text
shop_ag_mos_ru.b_sonet_user_relations	optimize	status	Table is already up to date
Table	Op	Msg_type	Msg_text
shop_ag_mos_ru.b_stat_adv	optimize	status	OK
Table	Op	Msg_type	Msg_text
shop_ag_mos_ru.b_stat_adv_day	optimize	status	OK
Table	Op	Msg_type	Msg_text
shop_ag_mos_ru.b_stat_adv_event	optimize	status	Table is already up to date
Table	Op	Msg_type	Msg_text
shop_ag_mos_ru.b_stat_adv_event_day	optimize	status	Table is already up to date
Table	Op	Msg_type	Msg_text
shop_ag_mos_ru.b_stat_adv_guest	optimize	status	OK
Table	Op	Msg_type	Msg_text
shop_ag_mos_ru.b_stat_adv_page	optimize	status	Table is already up to date
Table	Op	Msg_type	Msg_text
shop_ag_mos_ru.b_stat_adv_searcher	optimize	status	Table is already up to date
Table	Op	Msg_type	Msg_text
shop_ag_mos_ru.b_stat_browser	optimize	status	OK
Table	Op	Msg_type	Msg_text
shop_ag_mos_ru.b_stat_city	optimize	status	OK
Table	Op	Msg_type	Msg_text
shop_ag_mos_ru.b_stat_city_day	optimize	status	OK
Table	Op	Msg_type	Msg_text
shop_ag_mos_ru.b_stat_city_ip	optimize	status	Table is already up to date
Table	Op	Msg_type	Msg_text
shop_ag_mos_ru.b_stat_country	optimize	status	OK
Table	Op	Msg_type	Msg_text
shop_ag_mos_ru.b_stat_country_day	optimize	status	OK
Table	Op	Msg_type	Msg_text
shop_ag_mos_ru.b_stat_day	optimize	status	OK
Table	Op	Msg_type	Msg_text
shop_ag_mos_ru.b_stat_day_site	optimize	status	OK
Table	Op	Msg_type	Msg_text
shop_ag_mos_ru.b_stat_ddl	optimize	status	Table is already up to date
Table	Op	Msg_type	Msg_text
shop_ag_mos_ru.b_stat_event	optimize	status	Table is already up to date
Table	Op	Msg_type	Msg_text
shop_ag_mos_ru.b_stat_event_day	optimize	status	Table is already up to date
Table	Op	Msg_type	Msg_text
shop_ag_mos_ru.b_stat_event_list	optimize	status	Table is already up to date
Table	Op	Msg_type	Msg_text
shop_ag_mos_ru.b_stat_guest	optimize	status	OK
Table	Op	Msg_type	Msg_text
shop_ag_mos_ru.b_stat_hit	optimize	status	OK
Table	Op	Msg_type	Msg_text
shop_ag_mos_ru.b_stat_page	optimize	status	OK
Table	Op	Msg_type	Msg_text
shop_ag_mos_ru.b_stat_page_adv	optimize	status	Table is already up to date
Table	Op	Msg_type	Msg_text
shop_ag_mos_ru.b_stat_path	optimize	status	OK
Table	Op	Msg_type	Msg_text
shop_ag_mos_ru.b_stat_path_adv	optimize	status	Table is already up to date
Table	Op	Msg_type	Msg_text
shop_ag_mos_ru.b_stat_path_cache	optimize	status	OK
Table	Op	Msg_type	Msg_text
shop_ag_mos_ru.b_stat_phrase_list	optimize	status	Table is already up to date
Table	Op	Msg_type	Msg_text
shop_ag_mos_ru.b_stat_referer	optimize	status	Table is already up to date
Table	Op	Msg_type	Msg_text
shop_ag_mos_ru.b_stat_referer_list	optimize	status	Table is already up to date
Table	Op	Msg_type	Msg_text
shop_ag_mos_ru.b_stat_searcher	optimize	status	Table is already up to date
Table	Op	Msg_type	Msg_text
shop_ag_mos_ru.b_stat_searcher_day	optimize	status	OK
Table	Op	Msg_type	Msg_text
shop_ag_mos_ru.b_stat_searcher_hit	optimize	status	OK
Table	Op	Msg_type	Msg_text
shop_ag_mos_ru.b_stat_searcher_params	optimize	status	Table is already up to date
Table	Op	Msg_type	Msg_text
shop_ag_mos_ru.b_stat_session	optimize	status	OK
Table	Op	Msg_type	Msg_text
shop_ag_mos_ru.b_stat_session_data	optimize	status	OK
Table	Op	Msg_type	Msg_text
shop_ag_mos_ru.b_sticker	optimize	status	Table is already up to date
Table	Op	Msg_type	Msg_text
shop_ag_mos_ru.b_sticker_group_task	optimize	status	Table is already up to date
Table	Op	Msg_type	Msg_text
shop_ag_mos_ru.b_stop_list	optimize	status	Table is already up to date
Table	Op	Msg_type	Msg_text
shop_ag_mos_ru.b_subscription	optimize	status	Table is already up to date
Table	Op	Msg_type	Msg_text
shop_ag_mos_ru.b_subscription_rubric	optimize	status	Table is already up to date
Table	Op	Msg_type	Msg_text
shop_ag_mos_ru.b_task	optimize	status	Table is already up to date
Table	Op	Msg_type	Msg_text
shop_ag_mos_ru.b_task_operation	optimize	status	Table is already up to date
Table	Op	Msg_type	Msg_text
shop_ag_mos_ru.b_ticket	optimize	status	Table is already up to date
Table	Op	Msg_type	Msg_text
shop_ag_mos_ru.b_ticket_dictionary	optimize	status	Table is already up to date
Table	Op	Msg_type	Msg_text
shop_ag_mos_ru.b_ticket_dictionary_2_site	optimize	status	Table is already up to date
Table	Op	Msg_type	Msg_text
shop_ag_mos_ru.b_ticket_holidays	optimize	status	Table is already up to date
Table	Op	Msg_type	Msg_text
shop_ag_mos_ru.b_ticket_message	optimize	status	Table is already up to date
Table	Op	Msg_type	Msg_text
shop_ag_mos_ru.b_ticket_message_2_file	optimize	status	Table is already up to date
Table	Op	Msg_type	Msg_text
shop_ag_mos_ru.b_ticket_online	optimize	status	Table is already up to date
Table	Op	Msg_type	Msg_text
shop_ag_mos_ru.b_ticket_search	optimize	status	Table is already up to date
Table	Op	Msg_type	Msg_text
shop_ag_mos_ru.b_ticket_sla	optimize	status	Table is already up to date
Table	Op	Msg_type	Msg_text
shop_ag_mos_ru.b_ticket_sla_2_category	optimize	status	Table is already up to date
Table	Op	Msg_type	Msg_text
shop_ag_mos_ru.b_ticket_sla_2_criticality	optimize	status	Table is already up to date
Table	Op	Msg_type	Msg_text
shop_ag_mos_ru.b_ticket_sla_2_holidays	optimize	status	Table is already up to date
Table	Op	Msg_type	Msg_text
shop_ag_mos_ru.b_ticket_sla_2_mark	optimize	status	Table is already up to date
Table	Op	Msg_type	Msg_text
shop_ag_mos_ru.b_ticket_sla_2_site	optimize	status	Table is already up to date
Table	Op	Msg_type	Msg_text
shop_ag_mos_ru.b_ticket_sla_2_user_group	optimize	status	Table is already up to date
Table	Op	Msg_type	Msg_text
shop_ag_mos_ru.b_ticket_sla_shedule	optimize	status	Table is already up to date
Table	Op	Msg_type	Msg_text
shop_ag_mos_ru.b_ticket_supercoupons	optimize	status	Table is already up to date
Table	Op	Msg_type	Msg_text
shop_ag_mos_ru.b_ticket_supercoupons_log	optimize	status	Table is already up to date
Table	Op	Msg_type	Msg_text
shop_ag_mos_ru.b_ticket_timetable	optimize	status	Table is already up to date
Table	Op	Msg_type	Msg_text
shop_ag_mos_ru.b_ticket_timetable_cache	optimize	status	Table is already up to date
Table	Op	Msg_type	Msg_text
shop_ag_mos_ru.b_ticket_ugroups	optimize	status	Table is already up to date
Table	Op	Msg_type	Msg_text
shop_ag_mos_ru.b_ticket_user_ugroup	optimize	status	Table is already up to date
Table	Op	Msg_type	Msg_text
shop_ag_mos_ru.b_undo	optimize	status	OK
Table	Op	Msg_type	Msg_text
shop_ag_mos_ru.b_urlpreview_metadata	optimize	status	Table is already up to date
Table	Op	Msg_type	Msg_text
shop_ag_mos_ru.b_urlpreview_route	optimize	status	Table is already up to date
Table	Op	Msg_type	Msg_text
shop_ag_mos_ru.b_user	optimize	status	OK
Table	Op	Msg_type	Msg_text
shop_ag_mos_ru.b_user_access	optimize	status	OK
Table	Op	Msg_type	Msg_text
shop_ag_mos_ru.b_user_access_check	optimize	status	OK
Table	Op	Msg_type	Msg_text
shop_ag_mos_ru.b_user_counter	optimize	status	Table is already up to date
Table	Op	Msg_type	Msg_text
shop_ag_mos_ru.b_user_digest	optimize	status	Table is already up to date
Table	Op	Msg_type	Msg_text
shop_ag_mos_ru.b_user_field	optimize	status	OK
Table	Op	Msg_type	Msg_text
shop_ag_mos_ru.b_user_field_confirm	optimize	status	Table is already up to date
Table	Op	Msg_type	Msg_text
shop_ag_mos_ru.b_user_field_enum	optimize	status	Table is already up to date
Table	Op	Msg_type	Msg_text
shop_ag_mos_ru.b_user_field_lang	optimize	status	OK
Table	Op	Msg_type	Msg_text
shop_ag_mos_ru.b_user_group	optimize	status	OK
Table	Op	Msg_type	Msg_text
shop_ag_mos_ru.b_user_hit_auth	optimize	status	Table is already up to date
Table	Op	Msg_type	Msg_text
shop_ag_mos_ru.b_user_option	optimize	status	OK
Table	Op	Msg_type	Msg_text
shop_ag_mos_ru.b_user_stored_auth	optimize	status	OK
Table	Op	Msg_type	Msg_text
shop_ag_mos_ru.b_utm_blog_comment	optimize	status	Table is already up to date
Table	Op	Msg_type	Msg_text
shop_ag_mos_ru.b_utm_blog_post	optimize	status	Table is already up to date
Table	Op	Msg_type	Msg_text
shop_ag_mos_ru.b_utm_forum_message	optimize	status	Table is already up to date
Table	Op	Msg_type	Msg_text
shop_ag_mos_ru.b_utm_iblock_2_section	optimize	status	Table is already up to date
Table	Op	Msg_type	Msg_text
shop_ag_mos_ru.b_utm_sonet_comment	optimize	status	Table is already up to date
Table	Op	Msg_type	Msg_text
shop_ag_mos_ru.b_utm_sonet_log	optimize	status	Table is already up to date
Table	Op	Msg_type	Msg_text
shop_ag_mos_ru.b_utm_user	optimize	status	OK
Table	Op	Msg_type	Msg_text
shop_ag_mos_ru.b_uts_blog_comment	optimize	status	Table is already up to date
Table	Op	Msg_type	Msg_text
shop_ag_mos_ru.b_uts_blog_post	optimize	status	Table is already up to date
Table	Op	Msg_type	Msg_text
shop_ag_mos_ru.b_uts_forum_message	optimize	status	Table is already up to date
Table	Op	Msg_type	Msg_text
shop_ag_mos_ru.b_uts_iblock_2_section	optimize	status	OK
Table	Op	Msg_type	Msg_text
shop_ag_mos_ru.b_uts_sonet_comment	optimize	status	Table is already up to date
Table	Op	Msg_type	Msg_text
shop_ag_mos_ru.b_uts_sonet_log	optimize	status	Table is already up to date
Table	Op	Msg_type	Msg_text
shop_ag_mos_ru.b_uts_user	optimize	status	OK
Table	Op	Msg_type	Msg_text
shop_ag_mos_ru.b_vote	optimize	status	Table is already up to date
Table	Op	Msg_type	Msg_text
shop_ag_mos_ru.b_vote_answer	optimize	status	Table is already up to date
Table	Op	Msg_type	Msg_text
shop_ag_mos_ru.b_vote_attached_object	optimize	status	Table is already up to date
Table	Op	Msg_type	Msg_text
shop_ag_mos_ru.b_vote_channel	optimize	status	Table is already up to date
Table	Op	Msg_type	Msg_text
shop_ag_mos_ru.b_vote_channel_2_group	optimize	status	Table is already up to date
Table	Op	Msg_type	Msg_text
shop_ag_mos_ru.b_vote_channel_2_site	optimize	status	Table is already up to date
Table	Op	Msg_type	Msg_text
shop_ag_mos_ru.b_vote_event	optimize	status	Table is already up to date
Table	Op	Msg_type	Msg_text
shop_ag_mos_ru.b_vote_event_answer	optimize	status	Table is already up to date
Table	Op	Msg_type	Msg_text
shop_ag_mos_ru.b_vote_event_question	optimize	status	Table is already up to date
Table	Op	Msg_type	Msg_text
shop_ag_mos_ru.b_vote_question	optimize	status	Table is already up to date
Table	Op	Msg_type	Msg_text
shop_ag_mos_ru.b_vote_user	optimize	status	Table is already up to date
Table	Op	Msg_type	Msg_text
shop_ag_mos_ru.b_workflow_document	optimize	status	Table is already up to date
Table	Op	Msg_type	Msg_text
shop_ag_mos_ru.b_workflow_file	optimize	status	Table is already up to date
Table	Op	Msg_type	Msg_text
shop_ag_mos_ru.b_workflow_log	optimize	status	Table is already up to date
Table	Op	Msg_type	Msg_text
shop_ag_mos_ru.b_workflow_move	optimize	status	OK
Table	Op	Msg_type	Msg_text
shop_ag_mos_ru.b_workflow_preview	optimize	status	Table is already up to date
Table	Op	Msg_type	Msg_text
shop_ag_mos_ru.b_workflow_status	optimize	status	Table is already up to date
Table	Op	Msg_type	Msg_text
shop_ag_mos_ru.b_workflow_status2group	optimize	status	Table is already up to date
Table	Op	Msg_type	Msg_text
shop_ag_mos_ru.eshop_brand_reference	optimize	status	Table is already up to date
Table	Op	Msg_type	Msg_text
shop_ag_mos_ru.eshop_color_reference	optimize	status	Table is already up to date
Table	Op	Msg_type	Msg_text
shop_ag_mos_ru.int_categories_import	optimize	status	Table is already up to date
Table	Op	Msg_type	Msg_text
shop_ag_mos_ru.int_curl_logger	optimize	status	OK
Table	Op	Msg_type	Msg_text
shop_ag_mos_ru.int_manufacturers_import	optimize	status	Table is already up to date
Table	Op	Msg_type	Msg_text
shop_ag_mos_ru.int_orders_import	optimize	status	Table is already up to date
Table	Op	Msg_type	Msg_text
shop_ag_mos_ru.int_profile_import	optimize	status	OK
Table	Op	Msg_type	Msg_text
shop_ag_mos_ru.int_settings	optimize	status	OK
Table	Op	Msg_type	Msg_text
shop_ag_mos_ru.int_status_import	optimize	status	Table is already up to date
Table	Op	Msg_type	Msg_text
shop_ag_mos_ru.int_storages_import	optimize	status	Table is already up to date
Table	Op	Msg_type	Msg_text
shop_ag_mos_ru.int_troika_error_mapping	optimize	status	OK
Table	Op	Msg_type	Msg_text
shop_ag_mos_ru.int_troika_link	optimize	status	OK
